Terminal log file
Date: 18-10-2020 - 15:45:27
-----------------------------------------------
$GPTXT,01,01,02,u-blox ag - www.u-blox.com*50
$GPTXT,01,01,02,HW  UBX-G60xx  00040007 FF7FFFFFp*53
$GPTXT,01,01,02,ROM CORE 7.03 (45969) Mar 17 2011 16:18:34*59
$GPTXT,01,01,02,ANTSUPERV=AC SD PDoS SR*20
$GPTXT,01,01,02,ANTSTATUS=DONTKNOW*33
$GPRMC,101529.88,V,,,,,,,181020,,,N*79
$GPVTG,,,,,,,,,N*30
$GPGGA,101529.88,,,,,0,00,99.99,,,,,,*68
$GPGSA,A,1,,,,,,,,,,,,,99.99,99.99,99.99*30
$GPGSV,4,1,16,01,29,296,,03,05,323,,04,02,281,,08,01,227,*7B
$GPGSV,4,2,16,10,37,118,,11,21,255,,16,23,180,,20,07,135,*79
$GPGSV,4,3,16,21,45,247,,22,25,327,,23,10,130,,25,08,048,*7A
$GPGSV,4,4,16,26,49,144,,27,07,196,,31,57,009,,32,27,041,*72
$GPGLL,,,,,101529.88,V,N*44
$GPTXT,01,01,02,ANTSTATUS=INIT*25
$GPRMC,101531.00,V,,,,,,,181020,,,N*70
$GPVTG,,,,,,,,,N*30
$GPGGA,101531.00,,,,,0,00,99.99,,,,,,*61
$GPGSA,A,1,,,,,,,,,,,,,99.99,99.99,99.99*30
$GPGSV,4,1,16,01,29,296,19,03,05,323,,04,02,281,21,08,01,227,*70
$GPGSV,4,2,16,10,37,118,,11,21,255,17,16,23,180,,20,07,135,*7F
$GPGSV,4,3,16,21,45,247,18,22,25,327,,23,10,130,,25,08,048,*73
$GPGSV,4,4,16,26,49,144,23,27,07,196,,31,57,009,28,32,27,041,*79
$GPGLL,,,,,101531.00,V,N*4D
$GPTXT,01,01,02,ANTSTATUS=OK*3B
$GPRMC,101532.00,V,,,,,,,181020,,,N*73
$GPVTG,,,,,,,,,N*30
$GPGGA,101532.00,,,,,0,00,99.99,,,,,,*62
$GPGSA,A,1,,,,,,,,,,,,,99.99,99.99,99.99*30
$GPGSV,4,1,16,01,29,296,16,03,05,323,,04,02,281,17,08,01,227,*7A
$GPGSV,4,2,16,10,37,118,,11,21,255,14,16,23,180,,20,07,135,*7C
$GPGSV,4,3,16,21,45,247,16,22,25,327,,23,10,130,,25,08,048,*7D
$GPGSV,4,4,16,26,49,144,24,27,07,196,,31,57,009,27,32,27,041,*71
$GPGLL,,,,,101532.00,V,N*4E
$GPRMC,101533.00,V,,,,,,,181020,,,N*72
$GPVTG,,,,,,,,,N*30
$GPGGA,101533.00,,,,,0,00,99.99,,,,,,*63
$GPGSA,A,1,,,,,,,,,,,,,99.99,99.99,99.99*30
$GPGSV,4,1,16,01,29,296,,03,05,323,,04,02,281,,08,01,227,*7B
$GPGSV,4,2,16,10,37,118,,11,21,255,09,16,23,180,,20,07,135,*70
$GPGSV,4,3,16,21,45,247,,22,25,327,,23,10,130,,25,08,048,*7A
$GPGSV,4,4,16,26,49,144,25,27,07,196,,31,57,009,28,32,27,041,*7F
$GPGLL,,,,,101533.00,V,N*4F
$GPRMC,101534.00,V,,,,,,,181020,,,N*75
$GPVTG,,,,,,,,,N*30
$GPGGA,101534.00,,,,,0,00,99.99,,,,,,*64
$GPGSA,A,1,,,,,,,,,,,,,99.99,99.99,99.99*30
$GPGSV,4,1,16,01,29,296,,03,05,323,,04,02,281,,08,01,227,*7B
$GPGSV,4,2,16,10,37,118,,11,21,255,,16,23,180,,20,07,135,*79
$GPGSV,4,3,16,21,45,247,,22,25,327,,23,10,130,,25,08,048,*7A
$GPGSV,4,4,16,26,49,144,25,27,07,196,,31,57,009,27,32,27,041,*70
$GPGLL,,,,,101534.00,V,N*48
$GPRMC,101535.00,V,,,,,,,181020,,,N*74
$GPVTG,,,,,,,,,N*30
$GPGGA,101535.00,,,,,0,00,99.99,,,,,,*65
$GPGSA,A,1,,,,,,,,,,,,,99.99,99.99,99.99*30
$GPGSV,4,1,16,01,29,296,,03,05,323,,04,02,281,,08,01,227,*7B
$GPGSV,4,2,16,10,37,118,,11,21,255,,16,23,180,,20,07,135,*79
$GPGSV,4,3,16,21,45,247,,22,25,327,,23,10,130,,25,08,048,*7A
$GPGSV,4,4,16,26,49,144,26,27,07,196,,31,57,009,27,32,27,041,*73
$GPGLL,,,,,101535.00,V,N*49
$GPRMC,101536.00,V,,,,,,,181020,,,N*77
$GPVTG,,,,,,,,,N*30
$GPGGA,101536.00,,,,,0,00,99.99,,,,,,*66
$GPGSA,A,1,,,,,,,,,,,,,99.99,99.99,99.99*30
$GPGSV,4,1,16,01,29,296,,03,05,323,,04,02,281,,08,01,227,*7B
$GPGSV,4,2,16,10,37,118,,11,21,255,,16,23,180,,20,07,135,*79
$GPGSV,4,3,16,21,45,247,,22,25,327,,23,10,130,,25,08,048,*7A
$GPGSV,4,4,16,26,49,144,25,27,07,196,,31,57,009,27,32,27,041,*70
$GPGLL,,,,,101536.00,V,N*4A
$GPRMC,101537.00,V,,,,,,,181020,,,N*76
$GPVTG,,,,,,,,,N*30
$GPGGA,101537.00,,,,,0,00,99.99,,,,,,*67
$GPGSA,A,1,,,,,,,,,,,,,99.99,99.99,99.99*30
$GPGSV,4,1,16,01,29,296,,03,05,323,,04,02,281,,08,01,227,*7B
$GPGSV,4,2,16,10,37,118,,11,21,255,,16,23,180,,20,07,135,*79
$GPGSV,4,3,16,21,45,247,,22,25,327,,23,10,130,,25,08,048,*7A
$GPGSV,4,4,16,26,49,144,25,27,07,196,,31,57,009,27,32,27,041,*70
$GPGLL,,,,,101537.00,V,N*4B
$GPRMC,101538.00,V,,,,,,,181020,,,N*79
$GPVTG,,,,,,,,,N*30
$GPGGA,101538.00,,,,,0,00,99.99,,,,,,*68
$GPGSA,A,1,,,,,,,,,,,,,99.99,99.99,99.99*30
$GPGSV,4,1,16,01,29,296,,03,05,323,,04,02,281,,08,01,227,*7B
$GPGSV,4,2,16,10,37,118,,11,21,255,,16,23,180,,20,07,135,*79
$GPGSV,4,3,16,21,45,247,,22,25,327,,23,10,130,,25,08,048,*7A
$GPGSV,4,4,16,26,49,144,25,27,07,196,,31,57,009,27,32,27,041,*70
$GPGLL,,,,,101538.00,V,N*44
$GPRMC,101539.00,V,,,,,,,181020,,,N*78
$GPVTG,,,,,,,,,N*30
$GPGGA,101539.00,,,,,0,00,99.99,,,,,,*69
$GPGSA,A,1,,,,,,,,,,,,,99.99,99.99,99.99*30
$GPGSV,4,1,16,01,29,296,,03,05,323,,04,02,281,,08,01,227,*7B
$GPGSV,4,2,16,10,37,118,,11,21,255,,16,23,180,,20,07,135,*79
$GPGSV,4,3,16,21,45,247,,22,25,327,,23,10,130,,25,08,048,*7A
$GPGSV,4,4,16,26,49,144,25,27,07,196,,31,57,009,28,32,27,041,*7F
$GPGLL,,,,,101539.00,V,N*45
$GPRMC,101540.00,V,,,,,,,181020,,,N*76
$GPVTG,,,,,,,,,N*30
$GPGGA,101540.00,,,,,0,00,99.99,,,,,,*67
$GPGSA,A,1,,,,,,,,,,,,,99.99,99.99,99.99*30
$GPGSV,4,1,16,01,29,296,,03,05,323,,04,02,281,,08,01,227,*7B
$GPGSV,4,2,16,10,37,118,,11,21,255,,16,23,180,,20,07,135,*79
$GPGSV,4,3,16,21,45,247,,22,25,327,,23,10,130,,25,08,048,*7A
$GPGSV,4,4,16,26,49,144,25,27,07,196,,31,57,009,28,32,27,041,*7F
$GPGLL,,,,,101540.00,V,N*4B
$GPRMC,101541.00,V,,,,,,,181020,,,N*77
$GPVTG,,,,,,,,,N*30
$GPGGA,101541.00,,,,,0,00,99.99,,,,,,*66
$GPGSA,A,1,,,,,,,,,,,,,99.99,99.99,99.99*30
$GPGSV,4,1,16,01,29,296,,03,05,323,,04,02,281,,08,01,227,*7B
$GPGSV,4,2,16,10,37,118,,11,21,255,,16,23,180,,20,07,135,*79
$GPGSV,4,3,16,21,45,247,,22,25,327,,23,10,131,,25,08,048,*7B
$GPGSV,4,4,16,26,49,144,25,27,07,196,,31,57,009,28,32,27,041,*7F
$GPGLL,,,,,101541.00,V,N*4A
$GPRMC,101542.00,V,,,,,,,181020,,,N*74
$GPVTG,,,,,,,,,N*30
$GPGGA,101542.00,,,,,0,00,99.99,,,,,,*65
$GPGSA,A,1,,,,,,,,,,,,,99.99,99.99,99.99*30
$GPGSV,4,1,16,01,29,296,,03,05,323,,04,02,281,,08,01,227,*7B
$GPGSV,4,2,16,10,37,118,,11,21,255,,16,23,180,,20,07,135,*79
$GPGSV,4,3,16,21,45,247,,22,25,327,,23,10,131,,25,08,048,*7B
$GPGSV,4,4,16,26,49,144,25,27,07,196,,31,57,009,28,32,27,041,*7F
$GPGLL,,,,,101542.00,V,N*49
$GPRMC,101543.00,V,,,,,,,181020,,,N*75
$GPVTG,,,,,,,,,N*30
$GPGGA,101543.00,,,,,0,00,99.99,,,,,,*64
$GPGSA,A,1,,,,,,,,,,,,,99.99,99.99,99.99*30
$GPGSV,4,1,16,01,29,296,,03,05,323,,04,02,281,,08,01,227,*7B
$GPGSV,4,2,16,10,37,118,,11,21,255,,16,23,180,,20,07,135,*79
$GPGSV,4,3,16,21,45,247,,22,25,327,,23,10,131,,25,08,048,*7B
$GPGSV,4,4,16,26,49,144,25,27,07,196,,31,57,009,28,32,27,041,*7F
$GPGLL,,,,,101543.00,V,N*48
$GPRMC,101544.00,V,,,,,,,181020,,,N*72
$GPVTG,,,,,,,,,N*30
$GPGGA,101544.00,,,,,0,00,99.99,,,,,,*63
$GPGSA,A,1,,,,,,,,,,,,,99.99,99.99,99.99*30
$GPGSV,4,1,16,01,29,296,,03,05,323,,04,02,281,,08,01,227,*7B
$GPGSV,4,2,16,10,37,118,,11,21,255,,16,23,180,,20,07,135,*79
$GPGSV,4,3,16,21,45,247,,22,25,327,,23,10,131,,25,08,048,*7B
$GPGSV,4,4,16,26,49,144,25,27,07,196,,31,57,009,28,32,27,041,*7F
$GPGLL,,,,,101544.00,V,N*4F
$GPRMC,101545.00,V,,,,,,,181020,,,N*73
$GPVTG,,,,,,,,,N*30
$GPGGA,101545.00,,,,,0,00,99.99,,,,,,*62
$GPGSA,A,1,,,,,,,,,,,,,99.99,99.99,99.99*30
$GPGSV,4,1,16,01,29,296,,03,05,323,,04,02,281,,08,01,227,*7B
$GPGSV,4,2,16,10,37,118,,11,21,255,,16,23,180,,20,07,135,*79
$GPGSV,4,3,16,21,45,247,,22,25,327,,23,10,131,,25,08,048,*7B
$GPGSV,4,4,16,26,49,144,26,27,07,196,,31,57,009,28,32,27,041,*7C
$GPGLL,,,,,101545.00,V,N*4E
$GPRMC,101546.00,V,,,,,,,181020,,,N*70
$GPVTG,,,,,,,,,N*30
$GPGGA,101546.00,,,,,0,00,99.99,,,,,,*61
$GPGSA,A,1,,,,,,,,,,,,,99.99,99.99,99.99*30
$GPGSV,4,1,16,01,29,296,,03,05,323,,04,02,281,,08,01,227,*7B
$GPGSV,4,2,16,10,37,118,,11,21,255,,16,23,180,,20,07,135,*79
$GPGSV,4,3,16,21,45,247,,22,25,327,,23,10,131,,25,08,048,*7B
$GPGSV,4,4,16,26,49,144,25,27,07,196,,31,57,009,28,32,27,041,*7F
$GPGLL,,,,,101546.00,V,N*4D
$GPRMC,101547.00,V,,,,,,,181020,,,N*71
$GPVTG,,,,,,,,,N*30
$GPGGA,101547.00,,,,,0,00,99.99,,,,,,*60
$GPGSA,A,1,,,,,,,,,,,,,99.99,99.99,99.99*30
$GPGSV,4,1,16,01,29,296,,03,05,323,,04,02,281,,08,01,227,*7B
$GPGSV,4,2,16,10,37,118,,11,21,255,,16,23,180,,20,07,135,*79
$GPGSV,4,3,16,21,45,247,,22,25,327,,23,10,131,,25,08,048,*7B
$GPGSV,4,4,16,26,49,144,26,27,07,196,,31,57,009,28,32,27,041,*7C
$GPGLL,,,,,101547.00,V,N*4C
$GPRMC,101548.00,V,,,,,,,181020,,,N*7E
$GPVTG,,,,,,,,,N*30
$GPGGA,101548.00,,,,,0,00,99.99,,,,,,*6F
$GPGSA,A,1,,,,,,,,,,,,,99.99,99.99,99.99*30
$GPGSV,4,1,16,01,29,296,,03,05,323,,04,02,281,,08,01,227,*7B
$GPGSV,4,2,16,10,37,118,,11,21,255,,16,23,180,,20,07,135,*79
$GPGSV,4,3,16,21,45,247,,22,25,327,,23,10,131,,25,08,048,*7B
$GPGSV,4,4,16,26,49,144,25,27,07,196,,31,57,009,27,32,27,041,*70
$GPGLL,,,,,101548.00,V,N*43
$GPRMC,101549.00,V,,,,,,,181020,,,N*7F
$GPVTG,,,,,,,,,N*30
$GPGGA,101549.00,,,,,0,00,99.99,,,,,,*6E
$GPGSA,A,1,,,,,,,,,,,,,99.99,99.99,99.99*30
$GPGSV,4,1,16,01,29,296,,03,05,323,,04,02,281,,08,01,227,*7B
$GPGSV,4,2,16,10,37,118,,11,21,255,,16,23,180,,20,07,135,*79
$GPGSV,4,3,16,21,45,247,,22,25,327,,23,10,131,,25,08,048,*7B
$GPGSV,4,4,16,26,49,144,25,27,07,196,,31,57,009,27,32,27,041,*70
$GPGLL,,,,,101549.00,V,N*42
$GPRMC,101550.00,V,,,,,,,181020,,,N*77
$GPVTG,,,,,,,,,N*30
$GPGGA,101550.00,,,,,0,00,99.99,,,,,,*66
$GPGSA,A,1,,,,,,,,,,,,,99.99,99.99,99.99*30
$GPGSV,4,1,16,01,29,296,,03,05,323,,04,02,281,,08,01,227,*7B
$GPGSV,4,2,16,10,37,118,,11,21,255,,16,23,180,,20,07,135,*79
$GPGSV,4,3,16,21,45,247,,22,25,327,,23,10,131,,25,08,048,*7B
$GPGSV,4,4,16,26,49,144,25,27,07,196,,31,57,009,27,32,27,041,*70
$GPGLL,,,,,101550.00,V,N*4A
$GPRMC,101551.00,V,,,,,,,181020,,,N*76
$GPVTG,,,,,,,,,N*30
$GPGGA,101551.00,,,,,0,00,99.99,,,,,,*67
$GPGSA,A,1,,,,,,,,,,,,,99.99,99.99,99.99*30
$GPGSV,4,1,16,01,29,296,,03,05,323,,04,02,281,,08,01,227,*7B
$GPGSV,4,2,16,10,37,118,,11,21,255,,16,23,180,,20,07,135,*79
$GPGSV,4,3,16,21,45,247,,22,25,327,,23,10,131,,25,08,048,*7B
$GPGSV,4,4,16,26,49,144,25,27,07,196,,31,57,009,28,32,27,041,*7F
$GPGLL,,,,,101551.00,V,N*4B
$GPRMC,101552.00,V,,,,,,,181020,,,N*75
$GPVTG,,,,,,,,,N*30
$GPGGA,101552.00,,,,,0,00,99.99,,,,,,*64
$GPGSA,A,1,,,,,,,,,,,,,99.99,99.99,99.99*30
$GPGSV,4,1,16,01,29,296,,03,05,323,,04,02,281,,08,01,227,*7B
$GPGSV,4,2,16,10,37,118,,11,21,255,,16,23,180,,20,07,135,*79
$GPGSV,4,3,16,21,45,247,,22,25,327,,23,10,131,,25,08,048,*7B
$GPGSV,4,4,16,26,49,144,25,27,07,196,,31,57,009,28,32,27,041,*7F
$GPGLL,,,,,101552.00,V,N*48
$GPRMC,101553.00,V,,,,,,,181020,,,N*74
$GPVTG,,,,,,,,,N*30
$GPGGA,101553.00,,,,,0,00,99.99,,,,,,*65
$GPGSA,A,1,,,,,,,,,,,,,99.99,99.99,99.99*30
$GPGSV,4,1,16,01,29,296,,03,05,323,,04,02,281,,08,01,227,*7B
$GPGSV,4,2,16,10,37,118,,11,21,255,,16,23,180,,20,07,135,*79
$GPGSV,4,3,16,21,45,247,,22,25,327,,23,10,131,,25,08,048,*7B
$GPGSV,4,4,16,26,49,144,25,27,07,196,,31,57,009,28,32,27,041,*7F
$GPGLL,,,,,101553.00,V,N*49
$GPRMC,101554.00,V,,,,,,,181020,,,N*73
$GPVTG,,,,,,,,,N*30
$GPGGA,101554.00,,,,,0,00,99.99,,,,,,*62
$GPGSA,A,1,,,,,,,,,,,,,99.99,99.99,99.99*30
$GPGSV,4,1,16,01,29,296,,03,05,323,,04,02,281,,08,01,227,*7B
$GPGSV,4,2,16,10,37,118,,11,21,255,,16,23,180,,20,07,135,*79
$GPGSV,4,3,16,21,45,247,,22,25,327,,23,10,131,,25,08,048,*7B
$GPGSV,4,4,16,26,49,144,25,27,07,196,,31,57,009,28,32,27,041,*7F
$GPGLL,,,,,101554.00,V,N*4E
$GPRMC,101555.00,V,,,,,,,181020,,,N*72
$GPVTG,,,,,,,,,N*30
$GPGGA,101555.00,,,,,0,00,99.99,,,,,,*63
$GPGSA,A,1,,,,,,,,,,,,,99.99,99.99,99.99*30
$GPGSV,4,1,16,01,29,296,,03,05,323,,04,02,281,,08,01,227,*7B
$GPGSV,4,2,16,10,37,118,,11,21,255,,16,23,180,,20,07,135,*79
$GPGSV,4,3,16,21,45,247,,22,25,327,,23,10,131,,25,08,048,*7B
$GPGSV,4,4,16,26,49,144,25,27,07,196,,31,57,009,28,32,27,041,*7F
$GPGLL,,,,,101555.00,V,N*4F
$GPRMC,101556.00,V,,,,,,,181020,,,N*71
$GPVTG,,,,,,,,,N*30
$GPGGA,101556.00,,,,,0,00,99.99,,,,,,*60
$GPGSA,A,1,,,,,,,,,,,,,99.99,99.99,99.99*30
$GPGSV,4,1,16,01,29,296,,03,05,323,,04,02,281,,08,01,227,*7B
$GPGSV,4,2,16,10,37,118,,11,21,255,,16,23,180,,20,07,135,*79
$GPGSV,4,3,16,21,45,247,,22,25,327,,23,10,131,,25,08,048,*7B
$GPGSV,4,4,16,26,49,144,25,27,07,196,,31,57,009,28,32,27,041,*7F
$GPGLL,,,,,101556.00,V,N*4C
$GPRMC,101557.00,V,,,,,,,181020,,,N*70
$GPVTG,,,,,,,,,N*30
$GPGGA,101557.00,,,,,0,00,99.99,,,,,,*61
$GPGSA,A,1,,,,,,,,,,,,,99.99,99.99,99.99*30
$GPGSV,4,1,16,01,29,296,,03,05,323,,04,02,281,,08,01,227,*7B
$GPGSV,4,2,16,10,37,118,,11,21,255,,16,23,180,,20,07,135,*79
$GPGSV,4,3,16,21,45,247,,22,25,327,,23,10,131,,25,08,048,*7B
$GPGSV,4,4,16,26,49,144,25,27,07,196,,31,57,009,28,32,27,041,*7F
$GPGLL,,,,,101557.00,V,N*4D
$GPRMC,101558.00,V,,,,,,,181020,,,N*7F
$GPVTG,,,,,,,,,N*30
$GPGGA,101558.00,,,,,0,00,99.99,,,,,,*6E
$GPGSA,A,1,,,,,,,,,,,,,99.99,99.99,99.99*30
$GPGSV,4,1,16,01,29,296,,03,05,323,,04,02,281,,08,01,227,*7B
$GPGSV,4,2,16,10,37,118,,11,21,255,,16,23,180,,20,07,135,*79
$GPGSV,4,3,16,21,45,247,,22,25,327,,23,10,131,,25,08,048,*7B
$GPGSV,4,4,16,26,49,144,26,27,07,196,,31,57,009,28,32,27,041,*7C
$GPGLL,,,,,101558.00,V,N*42
$GPRMC,101559.00,V,,,,,,,181020,,,N*7E
$GPVTG,,,,,,,,,N*30
$GPGGA,101559.00,,,,,0,00,99.99,,,,,,*6F
$GPGSA,A,1,,,,,,,,,,,,,99.99,99.99,99.99*30
$GPGSV,4,1,16,01,29,296,,03,05,323,,04,02,281,,08,01,227,*7B
$GPGSV,4,2,16,10,37,118,,11,21,255,,16,23,180,,20,07,135,*79
$GPGSV,4,3,16,21,45,247,,22,25,327,,23,10,131,,25,08,048,*7B
$GPGSV,4,4,16,26,49,144,26,27,07,196,,31,57,009,28,32,27,041,*7C
$GPGLL,,,,,101559.00,V,N*43
$GPRMC,101600.00,V,,,,,,,181020,,,N*71
$GPVTG,,,,,,,,,N*30
$GPGGA,101600.00,,,,,0,00,99.99,,,,,,*60
$GPGSA,A,1,,,,,,,,,,,,,99.99,99.99,99.99*30
$GPGSV,4,1,16,01,29,296,,03,05,323,,04,02,281,,08,01,227,*7B
$GPGSV,4,2,16,10,37,118,,11,21,255,,16,23,180,,20,07,135,*79
$GPGSV,4,3,16,21,45,247,,22,25,327,,23,10,131,,25,08,048,*7B
$GPGSV,4,4,16,26,49,144,26,27,07,196,,31,57,009,28,32,27,041,*7C
$GPGLL,,,,,101600.00,V,N*4C
$GPRMC,101601.00,V,,,,,,,181020,,,N*70
$GPVTG,,,,,,,,,N*30
$GPGGA,101601.00,,,,,0,00,99.99,,,,,,*61
$GPGSA,A,1,,,,,,,,,,,,,99.99,99.99,99.99*30
$GPGSV,4,1,16,01,29,296,,03,05,323,,04,02,281,,08,01,227,*7B
$GPGSV,4,2,16,10,37,118,,11,21,255,,16,23,180,,20,07,135,*79
$GPGSV,4,3,16,21,45,247,,22,25,327,,23,10,131,,25,08,048,*7B
$GPGSV,4,4,16,26,49,144,25,27,07,196,,31,57,009,28,32,27,041,*7F
$GPGLL,,,,,101601.00,V,N*4D
$GPRMC,101602.00,V,,,,,,,181020,,,N*73
$GPVTG,,,,,,,,,N*30
$GPGGA,101602.00,,,,,0,00,99.99,,,,,,*62
$GPGSA,A,1,,,,,,,,,,,,,99.99,99.99,99.99*30
$GPGSV,4,1,16,01,29,296,,03,05,323,,04,02,281,,08,01,227,*7B
$GPGSV,4,2,16,10,37,118,,11,21,255,,16,23,180,,20,07,135,*79
$GPGSV,4,3,16,21,45,247,,22,25,327,,23,10,131,,25,08,048,*7B
$GPGSV,4,4,16,26,49,144,26,27,07,196,,31,57,009,28,32,27,041,*7C
$GPGLL,,,,,101602.00,V,N*4E
$GPRMC,101603.00,V,,,,,,,181020,,,N*72
$GPVTG,,,,,,,,,N*30
$GPGGA,101603.00,,,,,0,00,99.99,,,,,,*63
$GPGSA,A,1,,,,,,,,,,,,,99.99,99.99,99.99*30
$GPGSV,4,1,16,01,29,296,,03,05,323,,04,02,281,,08,01,227,*7B
$GPGSV,4,2,16,10,37,118,,11,21,255,,16,23,180,,20,07,135,*79
$GPGSV,4,3,16,21,45,247,,22,25,327,,23,10,131,,25,08,048,*7B
$GPGSV,4,4,16,26,49,144,26,27,07,196,,31,57,009,28,32,27,041,*7C
$GPGLL,,,,,101603.00,V,N*4F
$GPRMC,101604.00,V,,,,,,,181020,,,N*75
$GPVTG,,,,,,,,,N*30
$GPGGA,101604.00,,,,,0,00,99.99,,,,,,*64
$GPGSA,A,1,,,,,,,,,,,,,99.99,99.99,99.99*30
$GPGSV,4,1,16,01,29,296,,03,05,323,,04,02,281,,08,01,227,*7B
$GPGSV,4,2,16,10,37,118,,11,21,255,,16,23,180,,20,07,135,*79
$GPGSV,4,3,16,21,45,247,,22,25,327,,23,10,131,,25,08,048,*7B
$GPGSV,4,4,16,26,49,144,25,27,07,196,,31,57,009,28,32,27,041,*7F
$GPGLL,,,,,101604.00,V,N*48
$GPRMC,101605.00,V,,,,,,,181020,,,N*74
$GPVTG,,,,,,,,,N*30
$GPGGA,101605.00,,,,,0,00,99.99,,,,,,*65
$GPGSA,A,1,,,,,,,,,,,,,99.99,99.99,99.99*30
$GPGSV,4,1,16,01,29,296,,03,05,323,,04,02,281,,08,01,227,*7B
$GPGSV,4,2,16,10,37,118,,11,21,255,,16,23,180,,20,07,135,*79
$GPGSV,4,3,16,21,45,247,,22,25,327,,23,10,131,,25,08,048,*7B
$GPGSV,4,4,16,26,49,144,25,27,07,196,,31,57,009,28,32,27,041,*7F
$GPGLL,,,,,101605.00,V,N*49
$GPRMC,101606.00,V,,,,,,,181020,,,N*77
$GPVTG,,,,,,,,,N*30
$GPGGA,101606.00,,,,,0,00,99.99,,,,,,*66
$GPGSA,A,1,,,,,,,,,,,,,99.99,99.99,99.99*30
$GPGSV,4,1,16,01,29,295,,03,05,323,,04,02,281,,08,01,227,*78
$GPGSV,4,2,16,10,37,118,,11,21,255,,16,23,180,,20,07,135,*79
$GPGSV,4,3,16,21,45,247,,22,25,327,,23,10,131,,25,08,048,*7B
$GPGSV,4,4,16,26,49,144,26,27,07,196,,31,57,009,28,32,27,041,*7C
$GPGLL,,,,,101606.00,V,N*4A
$GPRMC,101607.00,V,,,,,,,181020,,,N*76
$GPVTG,,,,,,,,,N*30
$GPGGA,101607.00,,,,,0,00,99.99,,,,,,*67
$GPGSA,A,1,,,,,,,,,,,,,99.99,99.99,99.99*30
$GPGSV,4,1,16,01,29,295,,03,05,323,,04,02,282,,08,01,227,*7B
$GPGSV,4,2,16,10,37,118,,11,21,255,,16,23,180,,20,07,135,*79
$GPGSV,4,3,16,21,45,247,,22,25,327,,23,10,131,,25,08,048,*7B
$GPGSV,4,4,16,26,49,144,26,27,07,196,,31,57,009,28,32,27,041,*7C
$GPGLL,,,,,101607.00,V,N*4B

-----------------------------------------------
Date: 18-10-2020 - 15:46:08
End log file
